<?xml version="1.0" encoding="UTF-8"?>
<Site BuildName="Win32-MSBuild"
	BuildStamp="20231129-2123-Experimental"
	Name="DESKTOP-B6RFV7C"
	Generator="ctest-3.27.8"
	CompilerName="C:/Program Files/Microsoft Visual Studio/2022/Community/VC/Tools/MSVC/14.37.32822/bin/Hostx64/x64/cl.exe"
	CompilerVersion="19.37.32824.0"
	OSName="Windows"
	Hostname="DESKTOP-B6RFV7C"
	OSRelease=" Professional"
	OSVersion=" (Build 22621)"
	OSPlatform="AMD64"
	Is64Bits="1"
	VendorString="GenuineIntel"
	VendorID="Intel Corporation"
	FamilyID="6"
	ModelID="14"
	ProcessorCacheSize="-1"
	NumberOfLogicalCPU="8"
	NumberOfPhysicalCPU="4"
	TotalVirtualMemory="18691"
	TotalPhysicalMemory="16259"
	LogicalProcessorsPerPhysical="2"
	ProcessorClockFrequency="1800"
	>
	<Testing>
		<StartDateTime>Nov 29 15:24 Hora est[NON-UTF-8-BYTE-0xE1]ndar, Am[NON-UTF-8-BYTE-0xE9]rica Central</StartDateTime>
		<StartTestTime>1701293068</StartTestTime>
		<TestList/>
		<EndDateTime>Nov 29 15:24 Hora est[NON-UTF-8-BYTE-0xE1]ndar, Am[NON-UTF-8-BYTE-0xE9]rica Central</EndDateTime>
		<EndTestTime>1701293068</EndTestTime>
		<ElapsedMinutes>0</ElapsedMinutes>
	</Testing>
</Site>
